#
# A fatal error has been detected by the Java Runtime Environment:
#
#  SIGSEGV (0xb) at pc=0x0000000104d84258, pid=25592, tid=0x0000000000001803
#
# JRE version: Java(TM) SE Runtime Environment (8.0_171-b11) (build 1.8.0_171-b11)
# Java VM: Java HotSpot(TM) 64-Bit Server VM (25.171-b11 mixed mode bsd-amd64 compressed oops)
# Problematic frame:
# V  [libjvm.dylib+0x584258]  Unsafe_GetNativeAddress+0x31
#
# Failed to write core dump. Core dumps have been disabled. To enable core dumping, try "ulimit -c unlimited" before starting Java again
#
# If you would like to submit a bug report, please visit:
#   http://bugreport.java.com/bugreport/crash.jsp
#

---------------  T H R E A D  ---------------

Current thread (0x00007ff20c803000):  JavaThread "main" [_thread_in_vm, id=6147, stack(0x0000700001450000,0x0000700001550000)]

siginfo: si_signo: 11 (SIGSEGV), si_code: 1 (SEGV_MAPERR), si_addr: 0x00007f8220f15040

Registers:
RAX=0x00000001050f8610, RBX=0x00007f8220f15040, RCX=0x0000000105028360, RDX=0x00007f8220f15040
RSP=0x000070000154f7e0, RBP=0x000070000154f810, RSI=0x0000000000000006, RDI=0x000070000154f7f0
R8 =0x00007ff20c803000, R9 =0x00007ff20c803000, R10=0x000000010993663b, R11=0x0000000104ce78f7
R12=0x0000000000000000, R13=0x00000001071d47c8, R14=0x00007ff20c803000, R15=0x000070000154f7f0
RIP=0x0000000104d84258, EFLAGS=0x0000000000010246, ERR=0x0000000000000004
  TRAPNO=0x000000000000000e

Top of Stack: (sp=0x000070000154f7e0)
0x000070000154f7e0:   00007ff20c803000 00007ff20c803000
0x000070000154f7f0:   00007ff20c803000 00000001071d47c8
0x000070000154f800:   000070000154f8a8 00007ff20c803000
0x000070000154f810:   000070000154f878 0000000109936667
0x000070000154f820:   000070000154f878 00000001099363c7
0x000070000154f830:   0000000109936382 000070000154f838
0x000070000154f840:   00000001071d47c8 000070000154f8a8
0x000070000154f850:   0000000107202178 0000000000000000
0x000070000154f860:   00000001071d47c8 0000000000000000
0x000070000154f870:   000070000154f898 000070000154f8f0
0x000070000154f880:   0000000109925dd0 0000000000000000
0x000070000154f890:   000000010992fd17 00007f8220f15040
0x000070000154f8a0:   0000000000000000 000000076ab089a8
0x000070000154f8b0:   000070000154f8b0 0000000107557e08
0x000070000154f8c0:   000070000154f948 00000001075583d0
0x000070000154f8d0:   0000000000000000 0000000107557ed8
0x000070000154f8e0:   000070000154f898 000070000154f948
0x000070000154f8f0:   000070000154f9b0 000000010991e7a7
0x000070000154f900:   0000000000000000 0000000000000000
0x000070000154f910:   00007ff20ac0d010 0000000000000000
0x000070000154f920:   0000000000000001 0000000000000000
0x000070000154f930:   000000000000007f 000000076ab089a8
0x000070000154f940:   000000076ada8bf8 000000076ada7b28
0x000070000154f950:   0000000100001fa0 000000000000000a
0x000070000154f960:   00007ff20c803000 0000000000000001
0x000070000154f970:   000000010991e71f 0000000107557ed8
0x000070000154f980:   000070000154fa48 000070000154fdd0
0x000070000154f990:   000000010000000a 0000000107557ed8
0x000070000154f9a0:   0000000109931600 000070000154fb88
0x000070000154f9b0:   000070000154fb60 0000000104aef1f6
0x000070000154f9c0:   0000000000000001 00007ff20c803000
0x000070000154f9d0:   cafebabecafebabe 000070000154fdd0 

Instructions: (pc=0x0000000104d84258)
0x0000000104d84238:   d0 33 da ff 49 89 c6 4c 89 75 e0 4c 8d 7d e0 4c
0x0000000104d84248:   89 ff be 06 00 00 00 e8 78 65 be ff 4c 89 75 d8
0x0000000104d84258:   48 8b 1b 48 8d 7d d8 e8 5c 34 da ff ba 04 00 00
0x0000000104d84268:   00 4c 89 ff be 06 00 00 00 e8 32 19 bf ff 48 89 

Register to memory mapping:

RAX=0x00000001050f8610: _ZN20SafepointSynchronize6_stateE+0 in /Library/Java/JavaVirtualMachines/jdk1.8.0_171.jdk/Contents/Home/jre/lib/server/libjvm.dylib at 0x0000000104800000
RBX=0x00007f8220f15040 is an unknown value
RCX=0x0000000105028360: UseMembar+0 in /Library/Java/JavaVirtualMachines/jdk1.8.0_171.jdk/Contents/Home/jre/lib/server/libjvm.dylib at 0x0000000104800000
RDX=0x00007f8220f15040 is an unknown value
RSP=0x000070000154f7e0 is pointing into the stack for thread: 0x00007ff20c803000
RBP=0x000070000154f810 is pointing into the stack for thread: 0x00007ff20c803000
RSI=0x0000000000000006 is an unknown value
RDI=0x000070000154f7f0 is pointing into the stack for thread: 0x00007ff20c803000
R8 =0x00007ff20c803000 is a thread
R9 =0x00007ff20c803000 is a thread
R10=0x000000010993663b is at code_begin+859 in an Interpreter codelet
method entry point (kind = native)  [0x00000001099362e0, 0x0000000109936c40]  2400 bytes
R11=0x0000000104ce78f7: throw_unsatisfied_link_error+0 in /Library/Java/JavaVirtualMachines/jdk1.8.0_171.jdk/Contents/Home/jre/lib/server/libjvm.dylib at 0x0000000104800000
R12=0x0000000000000000 is an unknown value
R13={method} {0x00000001071d47c8} 'getAddress' '(J)J' in 'sun/misc/Unsafe'
R14=0x00007ff20c803000 is a thread
R15=0x000070000154f7f0 is pointing into the stack for thread: 0x00007ff20c803000


Stack: [0x0000700001450000,0x0000700001550000],  sp=0x000070000154f7e0,  free space=1021k
Native frames: (J=compiled Java code, j=interpreted, Vv=VM code, C=native code)
V  [libjvm.dylib+0x584258]  Unsafe_GetNativeAddress+0x31
j  sun.misc.Unsafe.getAddress(J)J+0
j  com.venu.UnsafeTest.main([Ljava/lang/String;)V+40
v  ~StubRoutines::call_stub
V  [libjvm.dylib+0x2ef1f6]  JavaCalls::call_helper(JavaValue*, methodHandle*, JavaCallArguments*, Thread*)+0x6ae
V  [libjvm.dylib+0x326185]  jni_invoke_static(JNIEnv_*, JavaValue*, _jobject*, JNICallType, _jmethodID*, JNI_ArgumentPusher*, Thread*)+0x1bf
V  [libjvm.dylib+0x31ef11]  jni_CallStaticVoidMethod+0x15d
C  [java+0x38ca]  JavaMain+0x9c4
C  [libsystem_pthread.dylib+0x3661]  _pthread_body+0x154
C  [libsystem_pthread.dylib+0x350d]  _pthread_body+0x0
C  [libsystem_pthread.dylib+0x2bf9]  thread_start+0xd
C  0x0000000000000000

Java frames: (J=compiled Java code, j=interpreted, Vv=VM code)
j  sun.misc.Unsafe.getAddress(J)J+0
j  com.venu.UnsafeTest.main([Ljava/lang/String;)V+40
v  ~StubRoutines::call_stub

---------------  P R O C E S S  ---------------

Java Threads: ( => current thread )
  0x00007ff20b04c000 JavaThread "Service Thread" daemon [_thread_blocked, id=15107, stack(0x0000700002177000,0x0000700002277000)]
  0x00007ff20c838000 JavaThread "C1 CompilerThread2" daemon [_thread_blocked, id=18435, stack(0x0000700002074000,0x0000700002174000)]
  0x00007ff20c0c9000 JavaThread "C2 CompilerThread1" daemon [_thread_blocked, id=14851, stack(0x0000700001f71000,0x0000700002071000)]
  0x00007ff20b043800 JavaThread "C2 CompilerThread0" daemon [_thread_blocked, id=18947, stack(0x0000700001e6e000,0x0000700001f6e000)]
  0x00007ff20c817000 JavaThread "Monitor Ctrl-Break" daemon [_thread_in_native, id=14339, stack(0x0000700001d6b000,0x0000700001e6b000)]
  0x00007ff20c015000 JavaThread "Signal Dispatcher" daemon [_thread_blocked, id=19463, stack(0x0000700001c68000,0x0000700001d68000)]
  0x00007ff20c801800 JavaThread "Finalizer" daemon [_thread_blocked, id=20995, stack(0x0000700001b65000,0x0000700001c65000)]
  0x00007ff20b03c000 JavaThread "Reference Handler" daemon [_thread_blocked, id=12035, stack(0x0000700001a62000,0x0000700001b62000)]
=>0x00007ff20c803000 JavaThread "main" [_thread_in_vm, id=6147, stack(0x0000700001450000,0x0000700001550000)]

Other Threads:
  0x00007ff20b80f000 VMThread [stack: 0x000070000195f000,0x0000700001a5f000] [id=11523]
  0x00007ff20b042800 WatcherThread [stack: 0x000070000227a000,0x000070000237a000] [id=17923]

VM state:not at safepoint (normal execution)

VM Mutex/Monitor currently owned by a thread: None

Heap:
 PSYoungGen      total 76288K, used 3938K [0x000000076ab00000, 0x0000000770000000, 0x00000007c0000000)
  eden space 65536K, 6% used [0x000000076ab00000,0x000000076aed88a8,0x000000076eb00000)
  from space 10752K, 0% used [0x000000076f580000,0x000000076f580000,0x0000000770000000)
  to   space 10752K, 0% used [0x000000076eb00000,0x000000076eb00000,0x000000076f580000)
 ParOldGen       total 175104K, used 0K [0x00000006c0000000, 0x00000006cab00000, 0x000000076ab00000)
  object space 175104K, 0% used [0x00000006c0000000,0x00000006c0000000,0x00000006cab00000)
 Metaspace       used 3326K, capacity 4500K, committed 4864K, reserved 1056768K
  class space    used 370K, capacity 388K, committed 512K, reserved 1048576K

Card table byte_map: [0x0000000105bae000,0x00000001063af000] byte_map_base: 0x00000001025ae000

Marking Bits: (ParMarkBitMap*) 0x00000001050f76e0
 Begin Bits: [0x000000011891e000, 0x000000011c91e000)
 End Bits:   [0x000000011c91e000, 0x000000012091e000)

Polling page: 0x0000000103f75000

CodeCache: size=245760Kb used=1098Kb max_used=1098Kb free=244661Kb
 bounds [0x000000010991e000, 0x0000000109b8e000, 0x000000011891e000]
 total_blobs=268 nmethods=21 adapters=162
 compilation: enabled

Compilation events (10 events):
Event: 0.206 Thread 0x00007ff20c838000   17       3       java.lang.String::indexOf (70 bytes)
Event: 0.206 Thread 0x00007ff20c838000 nmethod 17 0x0000000109a2e490 code [0x0000000109a2e620, 0x0000000109a2e9a8]
Event: 0.206 Thread 0x00007ff20c838000   15       1       java.util.ArrayList::size (5 bytes)
Event: 0.206 Thread 0x00007ff20c838000 nmethod 15 0x0000000109a2e1d0 code [0x0000000109a2e320, 0x0000000109a2e430]
Event: 0.206 Thread 0x00007ff20c838000   18       1       java.lang.ThreadLocal::access$400 (5 bytes)
Event: 0.206 Thread 0x00007ff20c838000 nmethod 18 0x0000000109a2df10 code [0x0000000109a2e060, 0x0000000109a2e150]
Event: 0.207 Thread 0x00007ff20c838000   19       3       java.util.concurrent.ConcurrentHashMap::tabAt (21 bytes)
Event: 0.207 Thread 0x00007ff20c838000 nmethod 19 0x0000000109a2d750 code [0x0000000109a2d8c0, 0x0000000109a2daf0]
Event: 0.207 Thread 0x00007ff20c838000   21       3       java.lang.String::indexOf (7 bytes)
Event: 0.207 Thread 0x00007ff20c838000 nmethod 21 0x0000000109a30910 code [0x0000000109a30a80, 0x0000000109a30c88]

GC Heap History (0 events):
No events

Deoptimization events (0 events):
No events

Classes redefined (0 events):
No events

Internal exceptions (2 events):
Event: 0.042 Thread 0x00007ff20c803000 Exception <a 'java/lang/NoSuchMethodError': Method sun.misc.Unsafe.defineClass(Ljava/lang/String;[BII)Ljava/lang/Class; name or signature does not match> (0x000000076ab07cb0) thrown at [/Users/java_re/workspace/8-2-build-macosx-x86_64/jdk8u171/10807/hotsp
Event: 0.042 Thread 0x00007ff20c803000 Exception <a 'java/lang/NoSuchMethodError': Method sun.misc.Unsafe.prefetchRead(Ljava/lang/Object;J)V name or signature does not match> (0x000000076ab07f98) thrown at [/Users/java_re/workspace/8-2-build-macosx-x86_64/jdk8u171/10807/hotspot/src/share/vm/pr

Events (10 events):
Event: 0.207 loading class sun/reflect/UnsafeQualifiedStaticObjectFieldAccessorImpl
Event: 0.207 loading class sun/reflect/UnsafeQualifiedStaticFieldAccessorImpl
Event: 0.207 loading class sun/reflect/UnsafeQualifiedStaticFieldAccessorImpl done
Event: 0.207 loading class sun/reflect/UnsafeQualifiedStaticObjectFieldAccessorImpl done
Event: 0.207 loading class java/util/HashMap$EntrySet
Event: 0.207 loading class java/util/HashMap$EntrySet done
Event: 0.207 loading class java/util/HashMap$EntryIterator
Event: 0.207 loading class java/util/HashMap$HashIterator
Event: 0.208 loading class java/util/HashMap$HashIterator done
Event: 0.208 loading class java/util/HashMap$EntryIterator done


Dynamic libraries:
0x000000000cca6000 	/System/Library/Frameworks/Cocoa.framework/Versions/A/Cocoa
0x000000000cca6000 	/System/Library/Frameworks/Security.framework/Versions/A/Security
0x000000000cca6000 	/System/Library/Frameworks/ApplicationServices.framework/Versions/A/ApplicationServices
0x000000000cca6000 	/usr/lib/libz.1.dylib
0x000000000cca6000 	/usr/lib/libSystem.B.dylib
0x000000000cca6000 	/usr/lib/libobjc.A.dylib
0x000000000cca6000 	/System/Library/Frameworks/CoreFoundation.framework/Versions/A/CoreFoundation
0x000000000cca6000 	/System/Library/Frameworks/Foundation.framework/Versions/C/Foundation
0x000000000cca6000 	/System/Library/Frameworks/AppKit.framework/Versions/C/AppKit
0x000000000cca6000 	/System/Library/Frameworks/CoreData.framework/Versions/A/CoreData
0x000000000cca6000 	/System/Library/PrivateFrameworks/RemoteViewServices.framework/Versions/A/RemoteViewServices
0x000000000cca6000 	/System/Library/PrivateFrameworks/UIFoundation.framework/Versions/A/UIFoundation
0x000000000cca6000 	/System/Library/PrivateFrameworks/DFRFoundation.framework/Versions/A/DFRFoundation
0x000000000cca6000 	/System/Library/Frameworks/Metal.framework/Versions/A/Metal
0x000000000cca6000 	/System/Library/PrivateFrameworks/DesktopServicesPriv.framework/Versions/A/DesktopServicesPriv
0x000000000cca6000 	/usr/lib/libenergytrace.dylib
0x000000000cca6000 	/System/Library/PrivateFrameworks/SkyLight.framework/Versions/A/SkyLight
0x000000000cca6000 	/System/Library/Frameworks/CoreGraphics.framework/Versions/A/CoreGraphics
0x000000000cca6000 	/usr/lib/libScreenReader.dylib
0x000000000cca6000 	/System/Library/Frameworks/Accelerate.framework/Versions/A/Accelerate
0x000000000cca6000 	/System/Library/Frameworks/IOSurface.framework/Versions/A/IOSurface
0x000000000cca6000 	/System/Library/Frameworks/AudioToolbox.framework/Versions/A/AudioToolbox
0x000000000cca6000 	/System/Library/Frameworks/AudioUnit.framework/Versions/A/AudioUnit
0x000000000cca6000 	/System/Library/PrivateFrameworks/DataDetectorsCore.framework/Versions/A/DataDetectorsCore
0x000000000cca6000 	/System/Library/Frameworks/Carbon.framework/Versions/A/Frameworks/HIToolbox.framework/Versions/A/HIToolbox
0x000000000cca6000 	/usr/lib/libicucore.A.dylib
0x000000000cca6000 	/System/Library/Frameworks/QuartzCore.framework/Versions/A/QuartzCore
0x000000000cca6000 	/System/Library/PrivateFrameworks/SignpostNotification.framework/Versions/A/SignpostNotification
0x000000000cca6000 	/System/Library/Frameworks/Carbon.framework/Versions/A/Frameworks/SpeechRecognition.framework/Versions/A/SpeechRecognition
0x000000000cca6000 	/usr/lib/libauto.dylib
0x000000000cca6000 	/usr/lib/libxml2.2.dylib
0x000000000cca6000 	/System/Library/PrivateFrameworks/CoreUI.framework/Versions/A/CoreUI
0x000000000cca6000 	/System/Library/Frameworks/CoreAudio.framework/Versions/A/CoreAudio
0x000000000cca6000 	/System/Library/Frameworks/DiskArbitration.framework/Versions/A/DiskArbitration
0x000000000cca6000 	/usr/lib/liblangid.dylib
0x000000000cca6000 	/System/Library/PrivateFrameworks/MultitouchSupport.framework/Versions/A/MultitouchSupport
0x000000000cca6000 	/System/Library/Frameworks/IOKit.framework/Versions/A/IOKit
0x000000000cca6000 	/usr/lib/libDiagnosticMessagesClient.dylib
0x000000000cca6000 	/System/Library/Frameworks/CoreServices.framework/Versions/A/CoreServices
0x000000000cca6000 	/System/Library/PrivateFrameworks/PerformanceAnalysis.framework/Versions/A/PerformanceAnalysis
0x000000000cca6000 	/System/Library/Frameworks/OpenGL.framework/Versions/A/OpenGL
0x000000000cca6000 	/System/Library/Frameworks/ColorSync.framework/Versions/A/ColorSync
0x000000000cca6000 	/System/Library/Frameworks/CoreImage.framework/Versions/A/CoreImage
0x000000000cca6000 	/System/Library/Frameworks/CoreText.framework/Versions/A/CoreText
0x000000000cca6000 	/System/Library/Frameworks/ImageIO.framework/Versions/A/ImageIO
0x000000000cca6000 	/System/Library/PrivateFrameworks/Backup.framework/Versions/A/Backup
0x000000000cca6000 	/usr/lib/libarchive.2.dylib
0x000000000cca6000 	/System/Library/Frameworks/CFNetwork.framework/Versions/A/CFNetwork
0x000000000cca6000 	/System/Library/Frameworks/SystemConfiguration.framework/Versions/A/SystemConfiguration
0x000000000cca6000 	/usr/lib/libCRFSuite.dylib
0x000000000cca6000 	/usr/lib/libc++.1.dylib
0x000000000cca6000 	/usr/lib/libc++abi.dylib
0x000000000cca6000 	/usr/lib/system/libcache.dylib
0x000000000cca6000 	/usr/lib/system/libcommonCrypto.dylib
0x000000000cca6000 	/usr/lib/system/libcompiler_rt.dylib
0x000000000cca6000 	/usr/lib/system/libcopyfile.dylib
0x000000000cca6000 	/usr/lib/system/libcorecrypto.dylib
0x000000000cca6000 	/usr/lib/system/libdispatch.dylib
0x000000000cca6000 	/usr/lib/system/libdyld.dylib
0x000000000cca6000 	/usr/lib/system/libkeymgr.dylib
0x000000000cca6000 	/usr/lib/system/liblaunch.dylib
0x000000000cca6000 	/usr/lib/system/libmacho.dylib
0x000000000cca6000 	/usr/lib/system/libquarantine.dylib
0x000000000cca6000 	/usr/lib/system/libremovefile.dylib
0x000000000cca6000 	/usr/lib/system/libsystem_asl.dylib
0x000000000cca6000 	/usr/lib/system/libsystem_blocks.dylib
0x000000000cca6000 	/usr/lib/system/libsystem_c.dylib
0x000000000cca6000 	/usr/lib/system/libsystem_configuration.dylib
0x000000000cca6000 	/usr/lib/system/libsystem_coreservices.dylib
0x000000000cca6000 	/usr/lib/system/libsystem_darwin.dylib
0x000000000cca6000 	/usr/lib/system/libsystem_dnssd.dylib
0x000000000cca6000 	/usr/lib/system/libsystem_info.dylib
0x000000000cca6000 	/usr/lib/system/libsystem_m.dylib
0x000000000cca6000 	/usr/lib/system/libsystem_malloc.dylib
0x000000000cca6000 	/usr/lib/system/libsystem_network.dylib
0x000000000cca6000 	/usr/lib/system/libsystem_networkextension.dylib
0x000000000cca6000 	/usr/lib/system/libsystem_notify.dylib
0x000000000cca6000 	/usr/lib/system/libsystem_sandbox.dylib
0x000000000cca6000 	/usr/lib/system/libsystem_secinit.dylib
0x000000000cca6000 	/usr/lib/system/libsystem_kernel.dylib
0x000000000cca6000 	/usr/lib/system/libsystem_platform.dylib
0x000000000cca6000 	/usr/lib/system/libsystem_pthread.dylib
0x000000000cca6000 	/usr/lib/system/libsystem_symptoms.dylib
0x000000000cca6000 	/usr/lib/system/libsystem_trace.dylib
0x000000000cca6000 	/usr/lib/system/libunwind.dylib
0x000000000cca6000 	/usr/lib/system/libxpc.dylib
0x000000000cca6000 	/usr/lib/closure/libclosured.dylib
0x000000000cca6000 	/usr/lib/libbsm.0.dylib
0x000000000cca6000 	/usr/lib/system/libkxld.dylib
0x000000000cca6000 	/usr/lib/libOpenScriptingUtil.dylib
0x000000000cca6000 	/usr/lib/libcoretls.dylib
0x000000000cca6000 	/usr/lib/libcoretls_cfhelpers.dylib
0x000000000cca6000 	/usr/lib/libpam.2.dylib
0x000000000cca6000 	/usr/lib/libsqlite3.dylib
0x000000000cca6000 	/usr/lib/libxar.1.dylib
0x000000000cca6000 	/usr/lib/libbz2.1.0.dylib
0x000000000cca6000 	/usr/lib/liblzma.5.dylib
0x000000000cca6000 	/usr/lib/libnetwork.dylib
0x000000000cca6000 	/usr/lib/libapple_nghttp2.dylib
0x000000000cca6000 	/usr/lib/libpcap.A.dylib
0x000000000cca6000 	/usr/lib/libboringssl.dylib
0x000000000cca6000 	/usr/lib/libusrtcp.dylib
0x000000000cca6000 	/usr/lib/libapple_crypto.dylib
0x000000000cca6000 	/System/Library/Frameworks/CoreServices.framework/Versions/A/Frameworks/FSEvents.framework/Versions/A/FSEvents
0x000000000cca6000 	/System/Library/Frameworks/CoreServices.framework/Versions/A/Frameworks/CarbonCore.framework/Versions/A/CarbonCore
0x000000000cca6000 	/System/Library/Frameworks/CoreServices.framework/Versions/A/Frameworks/Metadata.framework/Versions/A/Metadata
0x000000000cca6000 	/System/Library/Frameworks/CoreServices.framework/Versions/A/Frameworks/OSServices.framework/Versions/A/OSServices
0x000000000cca6000 	/System/Library/Frameworks/CoreServices.framework/Versions/A/Frameworks/SearchKit.framework/Versions/A/SearchKit
0x000000000cca6000 	/System/Library/Frameworks/CoreServices.framework/Versions/A/Frameworks/AE.framework/Versions/A/AE
0x000000000cca6000 	/System/Library/Frameworks/CoreServices.framework/Versions/A/Frameworks/LaunchServices.framework/Versions/A/LaunchServices
0x000000000cca6000 	/System/Library/Frameworks/CoreServices.framework/Versions/A/Frameworks/DictionaryServices.framework/Versions/A/DictionaryServices
0x000000000cca6000 	/System/Library/Frameworks/CoreServices.framework/Versions/A/Frameworks/SharedFileList.framework/Versions/A/SharedFileList
0x000000000cca6000 	/System/Library/Frameworks/NetFS.framework/Versions/A/NetFS
0x000000000cca6000 	/System/Library/PrivateFrameworks/NetAuth.framework/Versions/A/NetAuth
0x000000000cca6000 	/System/Library/PrivateFrameworks/login.framework/Versions/A/Frameworks/loginsupport.framework/Versions/A/loginsupport
0x000000000cca6000 	/System/Library/PrivateFrameworks/TCC.framework/Versions/A/TCC
0x000000000cca6000 	/usr/lib/libmecabra.dylib
0x000000000cca6000 	/System/Library/Frameworks/ApplicationServices.framework/Versions/A/Frameworks/ATS.framework/Versions/A/ATS
0x000000000cca6000 	/System/Library/Frameworks/ApplicationServices.framework/Versions/A/Frameworks/ColorSyncLegacy.framework/Versions/A/ColorSyncLegacy
0x000000000cca6000 	/System/Library/Frameworks/ApplicationServices.framework/Versions/A/Frameworks/HIServices.framework/Versions/A/HIServices
0x000000000cca6000 	/System/Library/Frameworks/ApplicationServices.framework/Versions/A/Frameworks/LangAnalysis.framework/Versions/A/LangAnalysis
0x000000000cca6000 	/System/Library/Frameworks/ApplicationServices.framework/Versions/A/Frameworks/PrintCore.framework/Versions/A/PrintCore
0x000000000cca6000 	/System/Library/Frameworks/ApplicationServices.framework/Versions/A/Frameworks/QD.framework/Versions/A/QD
0x000000000cca6000 	/System/Library/Frameworks/ApplicationServices.framework/Versions/A/Frameworks/SpeechSynthesis.framework/Versions/A/SpeechSynthesis
0x000000000cca6000 	/System/Library/Frameworks/CoreDisplay.framework/Versions/A/CoreDisplay
0x000000000cca6000 	/System/Library/Frameworks/Accelerate.framework/Versions/A/Frameworks/vImage.framework/Versions/A/vImage
0x000000000cca6000 	/System/Library/Frameworks/Accelerate.framework/Versions/A/Frameworks/vecLib.framework/Versions/A/vecLib
0x000000000cca6000 	/System/Library/Frameworks/Accelerate.framework/Versions/A/Frameworks/vecLib.framework/Versions/A/libvDSP.dylib
0x000000000cca6000 	/System/Library/Frameworks/Accelerate.framework/Versions/A/Frameworks/vecLib.framework/Versions/A/libBNNS.dylib
0x000000000cca6000 	/System/Library/Frameworks/Accelerate.framework/Versions/A/Frameworks/vecLib.framework/Versions/A/libQuadrature.dylib
0x000000000cca6000 	/System/Library/Frameworks/Accelerate.framework/Versions/A/Frameworks/vecLib.framework/Versions/A/libvMisc.dylib
0x000000000cca6000 	/System/Library/Frameworks/Accelerate.framework/Versions/A/Frameworks/vecLib.framework/Versions/A/libLAPACK.dylib
0x000000000cca6000 	/System/Library/Frameworks/Accelerate.framework/Versions/A/Frameworks/vecLib.framework/Versions/A/libBLAS.dylib
0x000000000cca6000 	/System/Library/Frameworks/Accelerate.framework/Versions/A/Frameworks/vecLib.framework/Versions/A/libLinearAlgebra.dylib
0x000000000cca6000 	/System/Library/Frameworks/Accelerate.framework/Versions/A/Frameworks/vecLib.framework/Versions/A/libSparse.dylib
0x000000000cca6000 	/System/Library/Frameworks/Accelerate.framework/Versions/A/Frameworks/vecLib.framework/Versions/A/libSparseBLAS.dylib
0x000000000cca6000 	/System/Library/PrivateFrameworks/GPUWrangler.framework/Versions/A/GPUWrangler
0x000000000cca6000 	/System/Library/PrivateFrameworks/IOAccelerator.framework/Versions/A/IOAccelerator
0x000000000cca6000 	/System/Library/PrivateFrameworks/IOPresentment.framework/Versions/A/IOPresentment
0x000000000cca6000 	/System/Library/PrivateFrameworks/DSExternalDisplay.framework/Versions/A/DSExternalDisplay
0x000000000cca6000 	/System/Library/Frameworks/OpenGL.framework/Versions/A/Libraries/libCoreFSCache.dylib
0x000000000cca6000 	/System/Library/Frameworks/CoreVideo.framework/Versions/A/CoreVideo
0x000000000cca6000 	/System/Library/PrivateFrameworks/GraphVisualizer.framework/Versions/A/GraphVisualizer
0x000000000cca6000 	/System/Library/Frameworks/MetalPerformanceShaders.framework/Versions/A/MetalPerformanceShaders
0x000000000cca6000 	/usr/lib/libFosl_dynamic.dylib
0x000000000cca6000 	/System/Library/PrivateFrameworks/FaceCore.framework/Versions/A/FaceCore
0x000000000cca6000 	/System/Library/Frameworks/OpenCL.framework/Versions/A/OpenCL
0x000000000cca6000 	/usr/lib/libcompression.dylib
0x000000000cca6000 	/System/Library/Frameworks/ApplicationServices.framework/Versions/A/Frameworks/ATS.framework/Versions/A/Resources/libFontParser.dylib
0x000000000cca6000 	/System/Library/Frameworks/ApplicationServices.framework/Versions/A/Frameworks/ATS.framework/Versions/A/Resources/libFontRegistry.dylib
0x000000000cca6000 	/System/Library/Frameworks/ImageIO.framework/Versions/A/Resources/libJPEG.dylib
0x000000000cca6000 	/System/Library/Frameworks/ImageIO.framework/Versions/A/Resources/libTIFF.dylib
0x000000000cca6000 	/System/Library/Frameworks/ImageIO.framework/Versions/A/Resources/libPng.dylib
0x000000000cca6000 	/System/Library/Frameworks/ImageIO.framework/Versions/A/Resources/libGIF.dylib
0x000000000cca6000 	/System/Library/Frameworks/ImageIO.framework/Versions/A/Resources/libJP2.dylib
0x000000000cca6000 	/System/Library/Frameworks/ImageIO.framework/Versions/A/Resources/libRadiance.dylib
0x000000000cca6000 	/System/Library/PrivateFrameworks/AppleJPEG.framework/Versions/A/AppleJPEG
0x000000000cca6000 	/System/Library/Frameworks/MetalPerformanceShaders.framework/Frameworks/MPSCore.framework/Versions/A/MPSCore
0x000000000cca6000 	/System/Library/Frameworks/MetalPerformanceShaders.framework/Frameworks/MPSImage.framework/Versions/A/MPSImage
0x000000000cca6000 	/System/Library/Frameworks/MetalPerformanceShaders.framework/Frameworks/MPSNeuralNetwork.framework/Versions/A/MPSNeuralNetwork
0x000000000cca6000 	/System/Library/Frameworks/MetalPerformanceShaders.framework/Frameworks/MPSMatrix.framework/Versions/A/MPSMatrix
0x000000000cca6000 	/System/Library/PrivateFrameworks/MetalTools.framework/Versions/A/MetalTools
0x000000000cca6000 	/System/Library/Frameworks/OpenGL.framework/Versions/A/Libraries/libGLU.dylib
0x000000000cca6000 	/System/Library/Frameworks/OpenGL.framework/Versions/A/Libraries/libGFXShared.dylib
0x000000000cca6000 	/System/Library/Frameworks/OpenGL.framework/Versions/A/Libraries/libGL.dylib
0x000000000cca6000 	/System/Library/Frameworks/OpenGL.framework/Versions/A/Libraries/libGLImage.dylib
0x000000000cca6000 	/System/Library/Frameworks/OpenGL.framework/Versions/A/Libraries/libCVMSPluginSupport.dylib
0x000000000cca6000 	/System/Library/Frameworks/OpenGL.framework/Versions/A/Libraries/libCoreVMClient.dylib
0x000000000cca6000 	/usr/lib/libcups.2.dylib
0x000000000cca6000 	/System/Library/Frameworks/Kerberos.framework/Versions/A/Kerberos
0x000000000cca6000 	/System/Library/Frameworks/GSS.framework/Versions/A/GSS
0x000000000cca6000 	/usr/lib/libresolv.9.dylib
0x000000000cca6000 	/usr/lib/libiconv.2.dylib
0x000000000cca6000 	/System/Library/PrivateFrameworks/Heimdal.framework/Versions/A/Heimdal
0x000000000cca6000 	/usr/lib/libheimdal-asn1.dylib
0x000000000cca6000 	/System/Library/Frameworks/OpenDirectory.framework/Versions/A/OpenDirectory
0x000000000cca6000 	/System/Library/PrivateFrameworks/CommonAuth.framework/Versions/A/CommonAuth
0x000000000cca6000 	/System/Library/Frameworks/OpenDirectory.framework/Versions/A/Frameworks/CFOpenDirectory.framework/Versions/A/CFOpenDirectory
0x000000000cca6000 	/System/Library/Frameworks/SecurityFoundation.framework/Versions/A/SecurityFoundation
0x000000000cca6000 	/System/Library/PrivateFrameworks/APFS.framework/Versions/A/APFS
0x000000000cca6000 	/usr/lib/libutil.dylib
0x000000000cca6000 	/System/Library/PrivateFrameworks/AppleSauce.framework/Versions/A/AppleSauce
0x000000000cca6000 	/System/Library/PrivateFrameworks/LinguisticData.framework/Versions/A/LinguisticData
0x000000000cca6000 	/usr/lib/libmarisa.dylib
0x000000000cca6000 	/System/Library/PrivateFrameworks/Lexicon.framework/Versions/A/Lexicon
0x000000000cca6000 	/usr/lib/libChineseTokenizer.dylib
0x000000000cca6000 	/usr/lib/libcmph.dylib
0x000000000cca6000 	/System/Library/PrivateFrameworks/LanguageModeling.framework/Versions/A/LanguageModeling
0x000000000cca6000 	/System/Library/PrivateFrameworks/CoreEmoji.framework/Versions/A/CoreEmoji
0x000000000cca6000 	/System/Library/Frameworks/ServiceManagement.framework/Versions/A/ServiceManagement
0x000000000cca6000 	/System/Library/PrivateFrameworks/BackgroundTaskManagement.framework/Versions/A/BackgroundTaskManagement
0x000000000cca6000 	/usr/lib/libxslt.1.dylib
0x000000000cca6000 	/System/Library/Frameworks/Carbon.framework/Versions/A/Frameworks/Ink.framework/Versions/A/Ink
0x000000000cca6000 	/System/Library/PrivateFrameworks/TextureIO.framework/Versions/A/TextureIO
0x000000000cca6000 	/usr/lib/libate.dylib
0x000000000cca6000 	/System/Library/PrivateFrameworks/CrashReporterSupport.framework/Versions/A/CrashReporterSupport
0x000000000cca6000 	/System/Library/PrivateFrameworks/Sharing.framework/Versions/A/Sharing
0x000000000cca6000 	/System/Library/PrivateFrameworks/IconServices.framework/Versions/A/IconServices
0x000000000cca6000 	/System/Library/PrivateFrameworks/Apple80211.framework/Versions/A/Apple80211
0x000000000cca6000 	/System/Library/PrivateFrameworks/CoreUtils.framework/Versions/A/CoreUtils
0x000000000cca6000 	/System/Library/Frameworks/CoreWLAN.framework/Versions/A/CoreWLAN
0x000000000cca6000 	/System/Library/Frameworks/IOBluetooth.framework/Versions/A/IOBluetooth
0x000000000cca6000 	/System/Library/PrivateFrameworks/ProtocolBuffer.framework/Versions/A/ProtocolBuffer
0x000000000cca6000 	/System/Library/PrivateFrameworks/CoreWiFi.framework/Versions/A/CoreWiFi
0x000000000cca6000 	/System/Library/Frameworks/CoreBluetooth.framework/Versions/A/CoreBluetooth
0x000000000cca6000 	/System/Library/PrivateFrameworks/DebugSymbols.framework/Versions/A/DebugSymbols
0x000000000cca6000 	/System/Library/PrivateFrameworks/CoreSymbolication.framework/Versions/A/CoreSymbolication
0x000000000cca6000 	/System/Library/PrivateFrameworks/Symbolication.framework/Versions/A/Symbolication
0x000000000cca6000 	/System/Library/PrivateFrameworks/AppleFSCompression.framework/Versions/A/AppleFSCompression
0x000000000cca6000 	/System/Library/PrivateFrameworks/SpeechRecognitionCore.framework/Versions/A/SpeechRecognitionCore
0x0000000104800000 	/Library/Java/JavaVirtualMachines/jdk1.8.0_171.jdk/Contents/Home/jre/lib/server/libjvm.dylib
0x000000000cca6000 	/usr/lib/libstdc++.6.0.9.dylib
0x0000000103f31000 	/Library/Java/JavaVirtualMachines/jdk1.8.0_171.jdk/Contents/Home/jre/lib/libverify.dylib
0x0000000103f3f000 	/Library/Java/JavaVirtualMachines/jdk1.8.0_171.jdk/Contents/Home/jre/lib/libjava.dylib
0x0000000103f76000 	/Library/Java/JavaVirtualMachines/jdk1.8.0_171.jdk/Contents/Home/jre/lib/libinstrument.dylib
0x0000000103fd4000 	/Library/Java/JavaVirtualMachines/jdk1.8.0_171.jdk/Contents/Home/jre/lib/libzip.dylib
0x0000000108d3d000 	/Library/Java/JavaVirtualMachines/jdk1.8.0_171.jdk/Contents/Home/jre/lib/libnet.dylib

VM Arguments:
jvm_args: -javaagent:/Applications/IntelliJ IDEA.app/Contents/lib/idea_rt.jar=56156:/Applications/IntelliJ IDEA.app/Contents/bin -Dfile.encoding=UTF-8 
java_command: com.venu.UnsafeTest
java_class_path (initial): /Library/Java/JavaVirtualMachines/jdk1.8.0_171.jdk/Contents/Home/jre/lib/charsets.jar:/Library/Java/JavaVirtualMachines/jdk1.8.0_171.jdk/Contents/Home/jre/lib/deploy.jar:/Library/Java/JavaVirtualMachines/jdk1.8.0_171.jdk/Contents/Home/jre/lib/ext/cldrdata.jar:/Library/Java/JavaVirtualMachines/jdk1.8.0_171.jdk/Contents/Home/jre/lib/ext/dnsns.jar:/Library/Java/JavaVirtualMachines/jdk1.8.0_171.jdk/Contents/Home/jre/lib/ext/jaccess.jar:/Library/Java/JavaVirtualMachines/jdk1.8.0_171.jdk/Contents/Home/jre/lib/ext/jfxrt.jar:/Library/Java/JavaVirtualMachines/jdk1.8.0_171.jdk/Contents/Home/jre/lib/ext/localedata.jar:/Library/Java/JavaVirtualMachines/jdk1.8.0_171.jdk/Contents/Home/jre/lib/ext/nashorn.jar:/Library/Java/JavaVirtualMachines/jdk1.8.0_171.jdk/Contents/Home/jre/lib/ext/sunec.jar:/Library/Java/JavaVirtualMachines/jdk1.8.0_171.jdk/Contents/Home/jre/lib/ext/sunjce_provider.jar:/Library/Java/JavaVirtualMachines/jdk1.8.0_171.jdk/Contents/Home/jre/lib/ext/sunpkcs11.jar:/Library/Java/JavaVirtualMachines/jdk1.8.0_171.jdk/Contents/Home/jre/lib/ext/zipfs.jar:/Library/Java/JavaVirtualMachines/jdk1.8.0_171.jdk/Contents/Home/jre/lib/javaws.jar:/Library/Java/JavaVirtualMachines/jdk1.8.0_171.jdk/Contents/Home/jre/lib/jce.jar:/Library/Java/JavaVirtualMachines/jdk1.8.0_171.jdk/Contents/Home/jre/lib/jfr.jar:/Library/Java/JavaVirtualMachines/jdk1.8.0_171.jdk/Contents/Home/jre/lib/jfxswt.jar:/Library/Java/JavaVirtualMachines/jdk1.8.0_171.jdk/Contents/Home/jre/lib/jsse.jar:/Library/Java/JavaVirtualMachines/jdk1.8.0_171.jdk/Contents/Home/jre/lib/management-agent.jar:/Library/Java/JavaVirtualMachines/jdk1.8.0_171.jdk/Contents/Home/jre/lib/plugin.jar:/Library/Java/JavaVirtualMachines/jdk1.8.0_171.jdk/Contents/Home/jre/lib/resources.jar:/Library/Java/JavaVirtualMachines/jdk1.8.0_171.jdk/Contents/Home/jre/lib/rt.jar:/Library/Java/JavaVirtualMachines/jdk1.8.0_171.jdk/Contents/Home/lib/ant-javafx.jar:/Library/Java/JavaVirtualMachines/jdk1.8.0_171.jdk/Contents/Home
Launcher Type: SUN_STANDARD

Environment Variables:
PATH=/usr/local/bin:/usr/bin:/bin:/usr/sbin:/sbin:/Users/venusurampudi/Downloads/minishift-1.16.1-darwin-amd64/openshift-origin-client-tools-v1.5.1-7b451fc-mac
SHELL=/bin/bash

Signal Handlers:
SIGSEGV: [libjvm.dylib+0x5b512d], sa_mask[0]=11111111011111110111111111111111, sa_flags=SA_ONSTACK|SA_RESTART|SA_SIGINFO
SIGBUS: [libjvm.dylib+0x5b512d], sa_mask[0]=11111111011111110111111111111111, sa_flags=SA_RESTART|SA_SIGINFO
SIGFPE: [libjvm.dylib+0x48aa90], sa_mask[0]=11111111011111110111111111111111, sa_flags=SA_RESTART|SA_SIGINFO
SIGPIPE: [libjvm.dylib+0x48aa90], sa_mask[0]=11111111011111110111111111111111, sa_flags=SA_RESTART|SA_SIGINFO
SIGXFSZ: [libjvm.dylib+0x48aa90], sa_mask[0]=11111111011111110111111111111111, sa_flags=SA_RESTART|SA_SIGINFO
SIGILL: [libjvm.dylib+0x48aa90], sa_mask[0]=11111111011111110111111111111111, sa_flags=SA_RESTART|SA_SIGINFO
SIGUSR1: SIG_DFL, sa_mask[0]=00000000000000000000000000000000, sa_flags=none
SIGUSR2: [libjvm.dylib+0x48a5ae], sa_mask[0]=00100000000000000000000000000000, sa_flags=SA_RESTART|SA_SIGINFO
SIGHUP: [libjvm.dylib+0x488b79], sa_mask[0]=11111111011111110111111111111111, sa_flags=SA_RESTART|SA_SIGINFO
SIGINT: [libjvm.dylib+0x488b79], sa_mask[0]=11111111011111110111111111111111, sa_flags=SA_RESTART|SA_SIGINFO
SIGTERM: [libjvm.dylib+0x488b79], sa_mask[0]=11111111011111110111111111111111, sa_flags=SA_RESTART|SA_SIGINFO
SIGQUIT: [libjvm.dylib+0x488b79], sa_mask[0]=11111111011111110111111111111111, sa_flags=SA_RESTART|SA_SIGINFO


---------------  S Y S T E M  ---------------

OS:Bsduname:Darwin 17.5.0 Darwin Kernel Version 17.5.0: Mon Mar  5 22:24:32 PST 2018; root:xnu-4570.51.1~1/RELEASE_X86_64 x86_64
rlimit: STACK 8192k, CORE 0k, NPROC 1418, NOFILE 10240, AS infinity
load average:3.29 3.30 2.90

CPU:total 4 (initial active 4) (2 cores per cpu, 2 threads per core) family 6 model 142 stepping 9, cmov, cx8, fxsr, mmx, sse, sse2, sse3, ssse3, sse4.1, sse4.2, popcnt, avx, avx2, aes, clmul, erms, rtm, 3dnowpref, lzcnt, ht, tsc, tscinvbit, bmi1, bmi2, adx

Memory: 4k page, physical 16777216k(3544140k free)

/proc/meminfo:


vm_info: Java HotSpot(TM) 64-Bit Server VM (25.171-b11) for bsd-amd64 JRE (1.8.0_171-b11), built on Mar 28 2018 12:50:57 by "java_re" with gcc 4.2.1 (Based on Apple Inc. build 5658) (LLVM build 2336.11.00)

time: Sun Sep 23 12:30:30 2018
elapsed time: 0 seconds (0d 0h 0m 0s)

